2026-07-10T10:17:12,961 [main] INFO  a.f.a.t.Tool$ - # APALACHE version: 0.58.3 | build: f4ac7ff
2026-07-10T10:17:12,972 [main] INFO  a.f.a.t.t.o.TypeCheckCmd - Type checking Server.tla
2026-07-10T10:17:13,264 [main] INFO  a.f.a.i.p.PassChainExecutor - PASS #0: SanyParser
2026-07-10T10:17:13,970 [main] DEBUG a.f.a.i.p.PassChainExecutor - PASS #0: SanyParser [OK]
2026-07-10T10:17:13,970 [main] INFO  a.f.a.i.p.PassChainExecutor - PASS #1: TypeCheckerSnowcat
2026-07-10T10:17:13,970 [main] INFO  a.f.a.t.p.t.EtcTypeCheckerPassImpl -  > Running Snowcat .::.
2026-07-10T10:17:14,167 [main] DEBUG a.f.a.i.p.PassChainExecutor - Adapted exception intercepted: 
at.forsyte.apalache.tla.typecheck.TypingInputException: Expected a type annotation for VARIABLE taskTimeouts
	at at.forsyte.apalache.tla.typecheck.etc.ToEtcExpr.apply(ToEtcExpr.scala:38)
	at at.forsyte.apalache.tla.typecheck.TypeCheckerTool.$anonfun$check$1(TypeCheckerTool.scala:46)
	at scala.collection.immutable.List.foldRight(List.scala:342)
	at at.forsyte.apalache.tla.typecheck.TypeCheckerTool.check(TypeCheckerTool.scala:45)
	at at.forsyte.apalache.tla.passes.typecheck.EtcTypeCheckerPassImpl.execute(EtcTypeCheckerPassImpl.scala:54)
	at at.forsyte.apalache.infra.passes.PassChainExecutor.exec(PassChainExecutor.scala:71)
	at at.forsyte.apalache.infra.passes.PassChainExecutor.$anonfun$runPassOnModule$3(PassChainExecutor.scala:60)
	at scala.util.Either.flatMap(Either.scala:360)
	at at.forsyte.apalache.infra.passes.PassChainExecutor.$anonfun$runPassOnModule$1(PassChainExecutor.scala:58)
	at scala.collection.LinearSeqOps.foldLeft(LinearSeq.scala:183)
	at scala.collection.LinearSeqOps.foldLeft$(LinearSeq.scala:179)
	at scala.collection.immutable.List.foldLeft(List.scala:79)
	at at.forsyte.apalache.infra.passes.PassChainExecutor.runOnPasses(PassChainExecutor.scala:51)
	at at.forsyte.apalache.infra.passes.PassChainExecutor.run(PassChainExecutor.scala:42)
	at at.forsyte.apalache.tla.tooling.opt.TypeCheckCmd.run(TypeCheckCmd.scala:41)
	at at.forsyte.apalache.tla.Tool$.runCommand(Tool.scala:139)
	at at.forsyte.apalache.tla.Tool$.run(Tool.scala:119)
	at at.forsyte.apalache.tla.Tool$.main(Tool.scala:40)
	at at.forsyte.apalache.tla.Tool.main(Tool.scala)
2026-07-10T10:17:14,169 [main] ERROR a.f.a.t.Tool$ - Typing input error: Expected a type annotation for VARIABLE taskTimeouts
2026-07-10T10:17:14,169 [main] INFO  a.f.a.t.Tool$ - It took me 0 days  0 hours  0 min  1 sec
2026-07-10T10:17:14,169 [main] INFO  a.f.a.t.Tool$ - Total time: 1.205 sec
