2026-07-10T14:31:13,440 [main] INFO  a.f.a.t.Tool$ - # APALACHE version: 0.58.3 | build: f4ac7ff
2026-07-10T14:31:13,454 [main] INFO  a.f.a.t.t.o.CheckCmd - Tuning: search.outputTraces=false
2026-07-10T14:31:13,566 [main] INFO  a.f.a.i.p.PassChainExecutor - PASS #0: SanyParser
2026-07-10T14:31:13,923 [main] DEBUG a.f.a.i.p.PassChainExecutor - PASS #0: SanyParser [OK]
2026-07-10T14:31:13,923 [main] INFO  a.f.a.i.p.PassChainExecutor - PASS #1: TypeCheckerSnowcat
2026-07-10T14:31:13,923 [main] INFO  a.f.a.t.p.t.EtcTypeCheckerPassImpl -  > Running Snowcat .::.
2026-07-10T14:31:15,390 [main] INFO  a.f.a.t.p.t.EtcTypeCheckerPassImpl -  > Your types are purrfect!
2026-07-10T14:31:15,391 [main] INFO  a.f.a.t.p.t.EtcTypeCheckerPassImpl -  > All expressions are typed
2026-07-10T14:31:15,391 [main] DEBUG a.f.a.i.p.PassChainExecutor - PASS #1: TypeCheckerSnowcat [OK]
2026-07-10T14:31:15,391 [main] INFO  a.f.a.i.p.PassChainExecutor - PASS #2: ConfigurationPass
2026-07-10T14:31:15,394 [main] INFO  a.f.a.t.p.p.ConfigurationPassImpl -   > Set the initialization predicate to Init
2026-07-10T14:31:15,394 [main] INFO  a.f.a.t.p.p.ConfigurationPassImpl -   > Set the transition predicate to Next
2026-07-10T14:31:15,394 [main] INFO  a.f.a.t.p.p.ConfigurationPassImpl -   > Set the constant initialization predicate to CInit
2026-07-10T14:31:15,394 [main] INFO  a.f.a.t.p.p.ConfigurationPassImpl -   > Set an invariant to IndInv
2026-07-10T14:31:15,398 [main] DEBUG a.f.a.i.p.PassChainExecutor - PASS #2: ConfigurationPass [OK]
2026-07-10T14:31:15,398 [main] INFO  a.f.a.i.p.PassChainExecutor - PASS #3: DesugarerPass
2026-07-10T14:31:15,398 [main] INFO  a.f.a.t.p.p.DesugarerPassImpl -   > Desugaring...
2026-07-10T14:31:15,418 [main] DEBUG a.f.a.i.p.PassChainExecutor - PASS #3: DesugarerPass [OK]
2026-07-10T14:31:15,418 [main] INFO  a.f.a.i.p.PassChainExecutor - PASS #4: InlinePass
2026-07-10T14:31:15,418 [main] INFO  a.f.a.t.p.p.InlinePassImpl - Leaving only relevant operators: CInit, CInitPrimed, IndInv, Init, InitPrimed, Next
2026-07-10T14:31:15,536 [main] DEBUG a.f.a.i.p.PassChainExecutor - PASS #4: InlinePass [OK]
2026-07-10T14:31:15,536 [main] INFO  a.f.a.i.p.PassChainExecutor - PASS #5: TemporalPass
2026-07-10T14:31:15,536 [main] INFO  a.f.a.t.p.p.TemporalPassImpl -   > Rewriting temporal operators...
2026-07-10T14:31:15,536 [main] INFO  a.f.a.t.p.p.TemporalPassImpl -   > No temporal property specified, nothing to encode
2026-07-10T14:31:15,536 [main] DEBUG a.f.a.i.p.PassChainExecutor - PASS #5: TemporalPass [OK]
2026-07-10T14:31:15,536 [main] INFO  a.f.a.i.p.PassChainExecutor - PASS #6: InlinePass
2026-07-10T14:31:15,536 [main] INFO  a.f.a.t.p.p.InlinePassImpl - Leaving only relevant operators: CInit, CInitPrimed, IndInv, Init, InitPrimed, Next
2026-07-10T14:31:15,578 [main] DEBUG a.f.a.i.p.PassChainExecutor - PASS #6: InlinePass [OK]
2026-07-10T14:31:15,578 [main] INFO  a.f.a.i.p.PassChainExecutor - PASS #7: PrimingPass
2026-07-10T14:31:15,579 [main] INFO  a.f.a.t.p.a.PrimingPassImpl -   > Introducing CInitPrimed for CInit'
2026-07-10T14:31:15,701 [main] INFO  a.f.a.t.p.a.PrimingPassImpl -   > Introducing InitPrimed for Init'
2026-07-10T14:31:15,702 [main] DEBUG a.f.a.i.p.PassChainExecutor - PASS #7: PrimingPass [OK]
2026-07-10T14:31:15,702 [main] INFO  a.f.a.i.p.PassChainExecutor - PASS #8: VCGen
2026-07-10T14:31:15,702 [main] INFO  a.f.a.t.b.p.VCGenPassImpl -   > Producing verification conditions from the invariant IndInv
2026-07-10T14:31:15,705 [main] INFO  a.f.a.t.b.VCGenerator -   > VCGen produced 45 verification condition(s)
2026-07-10T14:31:15,707 [main] DEBUG a.f.a.i.p.PassChainExecutor - PASS #8: VCGen [OK]
2026-07-10T14:31:15,708 [main] INFO  a.f.a.i.p.PassChainExecutor - PASS #9: PreprocessingPass
2026-07-10T14:31:15,708 [main] INFO  a.f.a.t.p.p.PreproPassImpl -   > Before preprocessing: unique renaming
2026-07-10T14:31:15,711 [main] INFO  a.f.a.t.p.p.PreproPassImpl -  > Applying standard transformations:
2026-07-10T14:31:15,711 [main] INFO  a.f.a.t.p.p.PreproPassImpl -   > PrimePropagation
2026-07-10T14:31:15,719 [main] INFO  a.f.a.t.p.p.PreproPassImpl -   > Desugarer
2026-07-10T14:31:15,735 [main] INFO  a.f.a.t.p.p.PreproPassImpl -   > UniqueRenamer
2026-07-10T14:31:15,766 [main] INFO  a.f.a.t.p.p.PreproPassImpl -   > Normalizer
2026-07-10T14:31:15,789 [main] INFO  a.f.a.t.p.p.PreproPassImpl -   > SetMembershipSimplifier
2026-07-10T14:31:15,807 [main] INFO  a.f.a.t.p.p.PreproPassImpl -   > Keramelizer
2026-07-10T14:31:15,847 [main] INFO  a.f.a.t.p.p.PreproPassImpl -   > After preprocessing: UniqueRenamer
2026-07-10T14:31:15,886 [main] DEBUG a.f.a.i.p.PassChainExecutor - PASS #9: PreprocessingPass [OK]
2026-07-10T14:31:15,886 [main] INFO  a.f.a.i.p.PassChainExecutor - PASS #10: TransitionFinderPass
2026-07-10T14:31:15,926 [main] INFO  a.f.a.t.p.a.TransitionPassImpl -   > Found 1 initializing transitions
2026-07-10T14:31:15,959 [main] INFO  a.f.a.t.p.a.TransitionPassImpl -   > Found 61 transitions
2026-07-10T14:31:15,960 [main] INFO  a.f.a.t.p.a.TransitionPassImpl -   > Found constant initializer CInit
2026-07-10T14:31:15,962 [main] INFO  a.f.a.t.p.a.TransitionPassImpl -   > Applying unique renaming
2026-07-10T14:31:16,003 [main] DEBUG a.f.a.i.p.PassChainExecutor - PASS #10: TransitionFinderPass [OK]
2026-07-10T14:31:16,003 [main] INFO  a.f.a.i.p.PassChainExecutor - PASS #11: OptimizationPass
2026-07-10T14:31:16,006 [main] INFO  a.f.a.t.p.p.OptPassImpl -  > Applying optimizations:
2026-07-10T14:31:16,007 [main] INFO  a.f.a.t.p.p.OptPassImpl -   > ConstSimplifier
2026-07-10T14:31:16,119 [main] INFO  a.f.a.t.p.p.OptPassImpl -   > ExprOptimizer
2026-07-10T14:31:16,157 [main] INFO  a.f.a.t.p.p.OptPassImpl -   > SetMembershipSimplifier
2026-07-10T14:31:16,166 [main] INFO  a.f.a.t.p.p.OptPassImpl -   > ConstSimplifier
2026-07-10T14:31:16,243 [main] DEBUG a.f.a.i.p.PassChainExecutor - PASS #11: OptimizationPass [OK]
2026-07-10T14:31:16,243 [main] INFO  a.f.a.i.p.PassChainExecutor - PASS #12: AnalysisPass
2026-07-10T14:31:16,245 [main] INFO  a.f.a.t.b.p.AnalysisPassImpl -  > Marking skolemizable existentials and sets to be expanded...
2026-07-10T14:31:16,245 [main] INFO  a.f.a.t.b.p.AnalysisPassImpl -   > Skolemization
2026-07-10T14:31:16,249 [main] INFO  a.f.a.t.b.p.AnalysisPassImpl -   > Expansion
2026-07-10T14:31:16,270 [main] INFO  a.f.a.t.b.p.AnalysisPassImpl -   > Remove unused let-in defs
2026-07-10T14:31:16,282 [main] INFO  a.f.a.t.b.p.AnalysisPassImpl -  > Running analyzers...
2026-07-10T14:31:16,287 [main] INFO  a.f.a.t.b.p.AnalysisPassImpl -   > Introduced expression grades
2026-07-10T14:31:16,287 [main] DEBUG a.f.a.i.p.PassChainExecutor - PASS #12: AnalysisPass [OK]
2026-07-10T14:31:16,287 [main] INFO  a.f.a.i.p.PassChainExecutor - PASS #13: BoundedChecker
2026-07-10T14:31:16,302 [main] DEBUG a.f.a.t.b.s.Z3SolverContext - Creating Z3 solver context 0
2026-07-10T14:31:17,177 [main] DEBUG a.f.a.t.b.t.TransitionExecutorImpl - Initializing CONSTANTS
2026-07-10T14:31:17,202 [main] DEBUG a.f.a.t.b.t.TransitionExecutorImpl - Step #0, transition #0
2026-07-10T14:31:17,202 [main] DEBUG a.f.a.t.b.t.TransitionExecutorImpl - Translating to SMT
2026-07-10T14:31:17,207 [main] DEBUG a.f.a.t.b.SeqModelChecker - Step 0: Transition #0. Is it enabled?
2026-07-10T14:31:17,208 [main] DEBUG a.f.a.t.b.SeqModelChecker - Step 0: Transition #0 is enabled
2026-07-10T14:31:17,208 [main] INFO  a.f.a.t.b.SeqModelChecker - State 0: Checking 45 state invariants
2026-07-10T14:31:17,209 [main] DEBUG a.f.a.t.b.SeqModelChecker - State 0: Checking state invariant 0
2026-07-10T14:31:17,210 [main] INFO  a.f.a.t.b.SeqModelChecker - State 0: state invariant 0 holds.
2026-07-10T14:31:17,211 [main] DEBUG a.f.a.t.b.SeqModelChecker - State 0: Checking state invariant 1
2026-07-10T14:31:17,213 [main] INFO  a.f.a.t.b.SeqModelChecker - State 0: state invariant 1 holds.
2026-07-10T14:31:17,213 [main] DEBUG a.f.a.t.b.SeqModelChecker - State 0: Checking state invariant 2
2026-07-10T14:31:17,213 [main] INFO  a.f.a.t.b.SeqModelChecker - State 0: state invariant 2 holds.
2026-07-10T14:31:17,213 [main] DEBUG a.f.a.t.b.SeqModelChecker - State 0: Checking state invariant 3
2026-07-10T14:31:17,213 [main] INFO  a.f.a.t.b.SeqModelChecker - State 0: state invariant 3 holds.
2026-07-10T14:31:17,214 [main] DEBUG a.f.a.t.b.SeqModelChecker - State 0: Checking state invariant 4
2026-07-10T14:31:17,214 [main] INFO  a.f.a.t.b.SeqModelChecker - State 0: state invariant 4 holds.
2026-07-10T14:31:17,214 [main] DEBUG a.f.a.t.b.SeqModelChecker - State 0: Checking state invariant 5
2026-07-10T14:31:17,214 [main] INFO  a.f.a.t.b.SeqModelChecker - State 0: state invariant 5 holds.
2026-07-10T14:31:17,214 [main] DEBUG a.f.a.t.b.SeqModelChecker - State 0: Checking state invariant 6
2026-07-10T14:31:17,214 [main] INFO  a.f.a.t.b.SeqModelChecker - State 0: state invariant 6 holds.
2026-07-10T14:31:17,215 [main] DEBUG a.f.a.t.b.SeqModelChecker - State 0: Checking state invariant 7
2026-07-10T14:31:17,215 [main] INFO  a.f.a.t.b.SeqModelChecker - State 0: state invariant 7 holds.
2026-07-10T14:31:17,215 [main] DEBUG a.f.a.t.b.SeqModelChecker - State 0: Checking state invariant 8
2026-07-10T14:31:17,215 [main] INFO  a.f.a.t.b.SeqModelChecker - State 0: state invariant 8 holds.
2026-07-10T14:31:17,215 [main] DEBUG a.f.a.t.b.SeqModelChecker - State 0: Checking state invariant 9
2026-07-10T14:31:17,215 [main] INFO  a.f.a.t.b.SeqModelChecker - State 0: state invariant 9 holds.
2026-07-10T14:31:17,215 [main] DEBUG a.f.a.t.b.SeqModelChecker - State 0: Checking state invariant 10
2026-07-10T14:31:17,216 [main] INFO  a.f.a.t.b.SeqModelChecker - State 0: state invariant 10 holds.
2026-07-10T14:31:17,216 [main] DEBUG a.f.a.t.b.SeqModelChecker - State 0: Checking state invariant 11
2026-07-10T14:31:17,216 [main] INFO  a.f.a.t.b.SeqModelChecker - State 0: state invariant 11 holds.
2026-07-10T14:31:17,216 [main] DEBUG a.f.a.t.b.SeqModelChecker - State 0: Checking state invariant 12
2026-07-10T14:31:17,216 [main] INFO  a.f.a.t.b.SeqModelChecker - State 0: state invariant 12 holds.
2026-07-10T14:31:17,216 [main] DEBUG a.f.a.t.b.SeqModelChecker - State 0: Checking state invariant 13
2026-07-10T14:31:17,216 [main] INFO  a.f.a.t.b.SeqModelChecker - State 0: state invariant 13 holds.
2026-07-10T14:31:17,216 [main] DEBUG a.f.a.t.b.SeqModelChecker - State 0: Checking state invariant 14
2026-07-10T14:31:17,217 [main] INFO  a.f.a.t.b.SeqModelChecker - State 0: state invariant 14 holds.
2026-07-10T14:31:17,217 [main] DEBUG a.f.a.t.b.SeqModelChecker - State 0: Checking state invariant 15
2026-07-10T14:31:17,217 [main] INFO  a.f.a.t.b.SeqModelChecker - State 0: state invariant 15 holds.
2026-07-10T14:31:17,217 [main] DEBUG a.f.a.t.b.SeqModelChecker - State 0: Checking state invariant 16
2026-07-10T14:31:17,217 [main] INFO  a.f.a.t.b.SeqModelChecker - State 0: state invariant 16 holds.
2026-07-10T14:31:17,218 [main] DEBUG a.f.a.t.b.SeqModelChecker - State 0: Checking state invariant 17
2026-07-10T14:31:17,218 [main] INFO  a.f.a.t.b.SeqModelChecker - State 0: state invariant 17 holds.
2026-07-10T14:31:17,218 [main] DEBUG a.f.a.t.b.SeqModelChecker - State 0: Checking state invariant 18
2026-07-10T14:31:17,218 [main] INFO  a.f.a.t.b.SeqModelChecker - State 0: state invariant 18 holds.
2026-07-10T14:31:17,218 [main] DEBUG a.f.a.t.b.SeqModelChecker - State 0: Checking state invariant 19
2026-07-10T14:31:17,218 [main] INFO  a.f.a.t.b.SeqModelChecker - State 0: state invariant 19 holds.
2026-07-10T14:31:17,218 [main] DEBUG a.f.a.t.b.SeqModelChecker - State 0: Checking state invariant 20
2026-07-10T14:31:17,219 [main] INFO  a.f.a.t.b.SeqModelChecker - State 0: state invariant 20 holds.
2026-07-10T14:31:17,219 [main] DEBUG a.f.a.t.b.SeqModelChecker - State 0: Checking state invariant 21
2026-07-10T14:31:17,219 [main] INFO  a.f.a.t.b.SeqModelChecker - State 0: state invariant 21 holds.
2026-07-10T14:31:17,219 [main] DEBUG a.f.a.t.b.SeqModelChecker - State 0: Checking state invariant 22
2026-07-10T14:31:17,219 [main] INFO  a.f.a.t.b.SeqModelChecker - State 0: state invariant 22 holds.
2026-07-10T14:31:17,219 [main] DEBUG a.f.a.t.b.SeqModelChecker - State 0: Checking state invariant 23
2026-07-10T14:31:17,219 [main] INFO  a.f.a.t.b.SeqModelChecker - State 0: state invariant 23 holds.
2026-07-10T14:31:17,220 [main] DEBUG a.f.a.t.b.SeqModelChecker - State 0: Checking state invariant 24
2026-07-10T14:31:17,220 [main] INFO  a.f.a.t.b.SeqModelChecker - State 0: state invariant 24 holds.
2026-07-10T14:31:17,220 [main] DEBUG a.f.a.t.b.SeqModelChecker - State 0: Checking state invariant 25
2026-07-10T14:31:17,220 [main] INFO  a.f.a.t.b.SeqModelChecker - State 0: state invariant 25 holds.
2026-07-10T14:31:17,220 [main] DEBUG a.f.a.t.b.SeqModelChecker - State 0: Checking state invariant 26
2026-07-10T14:31:17,221 [main] INFO  a.f.a.t.b.SeqModelChecker - State 0: state invariant 26 holds.
2026-07-10T14:31:17,221 [main] DEBUG a.f.a.t.b.SeqModelChecker - State 0: Checking state invariant 27
2026-07-10T14:31:17,221 [main] INFO  a.f.a.t.b.SeqModelChecker - State 0: state invariant 27 holds.
2026-07-10T14:31:17,221 [main] DEBUG a.f.a.t.b.SeqModelChecker - State 0: Checking state invariant 28
2026-07-10T14:31:17,221 [main] INFO  a.f.a.t.b.SeqModelChecker - State 0: state invariant 28 holds.
2026-07-10T14:31:17,221 [main] DEBUG a.f.a.t.b.SeqModelChecker - State 0: Checking state invariant 29
2026-07-10T14:31:17,221 [main] INFO  a.f.a.t.b.SeqModelChecker - State 0: state invariant 29 holds.
2026-07-10T14:31:17,221 [main] DEBUG a.f.a.t.b.SeqModelChecker - State 0: Checking state invariant 30
2026-07-10T14:31:17,221 [main] INFO  a.f.a.t.b.SeqModelChecker - State 0: state invariant 30 holds.
2026-07-10T14:31:17,221 [main] DEBUG a.f.a.t.b.SeqModelChecker - State 0: Checking state invariant 31
2026-07-10T14:31:17,222 [main] INFO  a.f.a.t.b.SeqModelChecker - State 0: state invariant 31 holds.
2026-07-10T14:31:17,222 [main] DEBUG a.f.a.t.b.SeqModelChecker - State 0: Checking state invariant 32
2026-07-10T14:31:17,222 [main] INFO  a.f.a.t.b.SeqModelChecker - State 0: state invariant 32 holds.
2026-07-10T14:31:17,222 [main] DEBUG a.f.a.t.b.SeqModelChecker - State 0: Checking state invariant 33
2026-07-10T14:31:17,222 [main] INFO  a.f.a.t.b.SeqModelChecker - State 0: state invariant 33 holds.
2026-07-10T14:31:17,222 [main] DEBUG a.f.a.t.b.SeqModelChecker - State 0: Checking state invariant 34
2026-07-10T14:31:17,222 [main] INFO  a.f.a.t.b.SeqModelChecker - State 0: state invariant 34 holds.
2026-07-10T14:31:17,222 [main] DEBUG a.f.a.t.b.SeqModelChecker - State 0: Checking state invariant 35
2026-07-10T14:31:17,222 [main] INFO  a.f.a.t.b.SeqModelChecker - State 0: state invariant 35 holds.
2026-07-10T14:31:17,222 [main] DEBUG a.f.a.t.b.SeqModelChecker - State 0: Checking state invariant 36
2026-07-10T14:31:17,223 [main] INFO  a.f.a.t.b.SeqModelChecker - State 0: state invariant 36 holds.
2026-07-10T14:31:17,223 [main] DEBUG a.f.a.t.b.SeqModelChecker - State 0: Checking state invariant 37
2026-07-10T14:31:17,223 [main] INFO  a.f.a.t.b.SeqModelChecker - State 0: state invariant 37 holds.
2026-07-10T14:31:17,223 [main] DEBUG a.f.a.t.b.SeqModelChecker - State 0: Checking state invariant 38
2026-07-10T14:31:17,223 [main] INFO  a.f.a.t.b.SeqModelChecker - State 0: state invariant 38 holds.
2026-07-10T14:31:17,223 [main] DEBUG a.f.a.t.b.SeqModelChecker - State 0: Checking state invariant 39
2026-07-10T14:31:17,223 [main] INFO  a.f.a.t.b.SeqModelChecker - State 0: state invariant 39 holds.
2026-07-10T14:31:17,223 [main] DEBUG a.f.a.t.b.SeqModelChecker - State 0: Checking state invariant 40
2026-07-10T14:31:17,223 [main] INFO  a.f.a.t.b.SeqModelChecker - State 0: state invariant 40 holds.
2026-07-10T14:31:17,223 [main] DEBUG a.f.a.t.b.SeqModelChecker - State 0: Checking state invariant 41
2026-07-10T14:31:17,224 [main] INFO  a.f.a.t.b.SeqModelChecker - State 0: state invariant 41 holds.
2026-07-10T14:31:17,224 [main] DEBUG a.f.a.t.b.SeqModelChecker - State 0: Checking state invariant 42
2026-07-10T14:31:17,224 [main] INFO  a.f.a.t.b.SeqModelChecker - State 0: state invariant 42 holds.
2026-07-10T14:31:17,224 [main] DEBUG a.f.a.t.b.SeqModelChecker - State 0: Checking state invariant 43
2026-07-10T14:31:17,224 [main] INFO  a.f.a.t.b.SeqModelChecker - State 0: state invariant 43 holds.
2026-07-10T14:31:17,224 [main] DEBUG a.f.a.t.b.SeqModelChecker - State 0: Checking state invariant 44
2026-07-10T14:31:17,224 [main] INFO  a.f.a.t.b.SeqModelChecker - State 0: state invariant 44 holds.
2026-07-10T14:31:17,224 [main] INFO  a.f.a.t.b.t.TransitionExecutorImpl - Step 0: picking a transition out of 1 transition(s)
2026-07-10T14:31:17,227 [main] DEBUG a.f.a.t.b.s.Z3SolverContext - Disposing Z3 solver context 0
2026-07-10T14:31:17,228 [main] INFO  a.f.a.t.b.p.BoundedCheckerPassImpl - The outcome is: NoError
2026-07-10T14:31:17,228 [main] DEBUG a.f.a.i.p.PassChainExecutor - PASS #13: BoundedChecker [OK]
2026-07-10T14:31:17,228 [main] INFO  a.f.a.t.Tool$ - Checker reports no error up to computation length 0
2026-07-10T14:31:17,228 [main] INFO  a.f.a.t.Tool$ - It took me 0 days  0 hours  0 min  3 sec
2026-07-10T14:31:17,228 [main] INFO  a.f.a.t.Tool$ - Total time: 3.786 sec
